<?xml version="1.0" encoding="UTF-8"?>
<!-- Generated by org.testng.reporters.JUnitReportReporter -->
<testsuite hostname="INN14U-RT698" failures="0" tests="5" name="testingbaba_test.Webtable_test" time="14.477" errors="0" timestamp="2022-07-02T15:30:27 IST" skipped="0">
  <testcase classname="testingbaba_test.Webtable_test" name="clickonelements" time="2.112"/>
  <system-out/>
  <testcase classname="testingbaba_test.Webtable_test" name="clickonwebtables" time="0.101"/>
  <system-out/>
  <testcase classname="testingbaba_test.Webtable_test" name="detailsfill" time="5.307"/>
  <system-out/>
  <testcase classname="testingbaba_test.Webtable_test" name="getverify" time="1.817"/>
  <system-out/>
  <testcase classname="testingbaba_test.Webtable_test" name="getupdate" time="5.140"/>
  <system-out/>
</testsuite> <!-- testingbaba_test.Webtable_test -->
