<?xml version="1.0" encoding="UTF-8"?>
<!-- Generated by org.testng.reporters.JUnitReportReporter -->
<testsuite hostname="RajatShrotriya" failures="0" tests="6" name="testingbaba_test.Alerts_test" time="10.399" errors="0" timestamp="2022-07-24T22:31:00 IST" skipped="0">
  <testcase classname="testingbaba_test.Alerts_test" name="clickonAlertsframe" time="2.185"/>
  <system-out/>
  <testcase classname="testingbaba_test.Alerts_test" name="clickonalerts" time="0.068"/>
  <system-out/>
  <testcase classname="testingbaba_test.Alerts_test" name="clickonmyalerts" time="0.287"/>
  <system-out/>
  <testcase classname="testingbaba_test.Alerts_test" name="clickonmyalerts1" time="5.336"/>
  <system-out/>
  <testcase classname="testingbaba_test.Alerts_test" name="clickonmyalerts2" time="0.374"/>
  <system-out/>
  <testcase classname="testingbaba_test.Alerts_test" name="clickonmyalerts3" time="2.149"/>
  <system-out/>
</testsuite> <!-- testingbaba_test.Alerts_test -->
