<?xml version="1.0" encoding="UTF-8"?>
<!-- Generated by org.testng.reporters.JUnitReportReporter -->
<testsuite hostname="INN14U-RT698" failures="0" tests="3" name="testingbaba_test.Links_test" time="21.234" errors="0" timestamp="2022-07-05T22:36:27 IST" skipped="0">
  <testcase classname="testingbaba_test.Links_test" name="clickonelements" time="0.060"/>
  <system-out/>
  <testcase classname="testingbaba_test.Links_test" name="clickonlinks" time="11.112"/>
  <system-out/>
  <testcase classname="testingbaba_test.Links_test" name="clickondemopagelink" time="10.062"/>
  <system-out/>
</testsuite> <!-- testingbaba_test.Links_test -->
