<?xml version="1.0" encoding="UTF-8"?>
<!-- Generated by org.testng.reporters.JUnitReportReporter -->
<testsuite hostname="INN14U-RT698" failures="0" tests="1" name="testingbaba_test.Logintest" time="0.018" errors="0" timestamp="2022-06-12T12:05:43 IST" skipped="0">
  <testcase classname="testingbaba_test.Logintest" name="gettitle" time="0.018"/>
  <system-out/>
</testsuite> <!-- testingbaba_test.Logintest -->
