<?xml version="1.0" encoding="UTF-8"?>
<!-- Generated by org.testng.reporters.JUnitReportReporter -->
<testsuite hostname="INN14U-RT698" failures="0" tests="2" name="testingbaba_test.Radiobutton_test" time="0.562" errors="0" timestamp="2022-06-22T18:10:29 IST" skipped="0">
  <testcase classname="testingbaba_test.Radiobutton_test" name="clickonelements" time="0.106"/>
  <system-out/>
  <testcase classname="testingbaba_test.Radiobutton_test" name="clickonradiobutton" time="0.456"/>
  <system-out/>
</testsuite> <!-- testingbaba_test.Radiobutton_test -->
