<?xml version="1.0" encoding="UTF-8"?>
<!-- Generated by org.testng.reporters.JUnitReportReporter -->
<testsuite hostname="RajatShrotriya" failures="0" tests="3" name="testingbaba_test.Mousehover" time="5.583" errors="0" timestamp="2022-12-05T14:20:35 IST" skipped="0">
  <testcase classname="testingbaba_test.Mousehover" name="clickonwidgets" time="2.451"/>
  <system-out/>
  <testcase classname="testingbaba_test.Mousehover" name="clickontooltips" time="2.396"/>
  <system-out/>
  <testcase classname="testingbaba_test.Mousehover" name="clickonmousehover" time="0.736"/>
  <system-out/>
</testsuite> <!-- testingbaba_test.Mousehover -->
