<?xml version="1.0" encoding="UTF-8"?>
<!-- Generated by org.testng.reporters.JUnitReportReporter -->
<testsuite hostname="RajatShrotriya" failures="0" tests="3" name="testingbaba_test.Upload_test" time="1.540" errors="0" timestamp="2022-07-25T00:13:41 IST" skipped="0">
  <testcase classname="testingbaba_test.Upload_test" name="clickonelements" time="0.268"/>
  <system-out/>
  <testcase classname="testingbaba_test.Upload_test" name="clickonuploadanddownload" time="0.366"/>
  <system-out/>
  <testcase classname="testingbaba_test.Upload_test" name="clickonslectfile" time="0.906"/>
  <system-out/>
</testsuite> <!-- testingbaba_test.Upload_test -->
