<?xml version="1.0" encoding="UTF-8"?>
<!-- Generated by org.testng.reporters.JUnitReportReporter -->
<testsuite hostname="RajatShrotriya" failures="0" tests="10" name="day37.Invocationcount" time="0.095" errors="0" timestamp="2023-10-07T20:38:38 IST" skipped="0">
  <testcase classname="day37.Invocationcount" name="test" time="0.005"/>
  <testcase classname="day37.Invocationcount" name="test" time="0.002"/>
  <testcase classname="day37.Invocationcount" name="test" time="0.005"/>
  <testcase classname="day37.Invocationcount" name="test" time="0.007"/>
  <testcase classname="day37.Invocationcount" name="test" time="0.018"/>
  <testcase classname="day37.Invocationcount" name="test" time="0.013"/>
  <testcase classname="day37.Invocationcount" name="test" time="0.006"/>
  <testcase classname="day37.Invocationcount" name="test" time="0.010"/>
  <testcase classname="day37.Invocationcount" name="test" time="0.011"/>
  <testcase classname="day37.Invocationcount" name="test" time="0.018"/>
</testsuite> <!-- day37.Invocationcount -->
