<?xml version="1.0" encoding="UTF-8"?>
<!-- Generated by org.testng.reporters.JUnitReportReporter -->
<testsuite hostname="RajatShrotriya" failures="0" tests="3" name="day34.Thirdtest" time="0.018" errors="0" timestamp="2023-09-29T22:17:33 IST" skipped="0">
  <testcase classname="day34.Thirdtest" name="test1" time="0.003"/>
  <testcase classname="day34.Thirdtest" name="test2" time="0.008"/>
  <testcase classname="day34.Thirdtest" name="test3" time="0.007"/>
</testsuite> <!-- day34.Thirdtest -->
