<?xml version="1.0" encoding="UTF-8"?>
<!-- Generated by org.testng.reporters.JUnitReportReporter -->
<testsuite hostname="RajatShrotriya" failures="0" tests="3" name="day34.Secondtest" time="19.462" errors="0" timestamp="2023-09-29T22:17:33 IST" skipped="0">
  <testcase classname="day34.Secondtest" name="openapp" time="16.680"/>
  <testcase classname="day34.Secondtest" name="login" time="2.427"/>
  <testcase classname="day34.Secondtest" name="close" time="0.355"/>
</testsuite> <!-- day34.Secondtest -->
