<?xml version="1.0" encoding="UTF-8"?>
<!-- Generated by org.testng.reporters.JUnitReportReporter -->
<testsuite hostname="RajatShrotriya" failures="0" tests="3" name="day36.Grouping" time="0.016" errors="0" timestamp="2023-09-30T00:44:58 IST" skipped="0">
  <testcase classname="day36.Grouping" name="loginByFacebook" time="0.010"/>
  <testcase classname="day36.Grouping" name="loginByTwitter" time="0.001"/>
  <testcase classname="day36.Grouping" name="paymentinrupess" time="0.005"/>
</testsuite> <!-- day36.Grouping -->
