<?xml version="1.0" encoding="UTF-8"?>
<!-- Generated by org.testng.reporters.JUnitReportReporter -->
<testsuite hostname="RajatShrotriya" failures="0" tests="3" name="day34.FirstTest" time="0.028" errors="0" timestamp="2023-09-29T19:13:13 IST" skipped="0">
  <testcase classname="day34.FirstTest" name="test3" time="0.002"/>
  <testcase classname="day34.FirstTest" name="test2" time="0.012"/>
  <testcase classname="day34.FirstTest" name="test1" time="0.014"/>
</testsuite> <!-- day34.FirstTest -->
